{"meta": {"format": 3, "version": "7.16.0", "timestamp": "2026-08-30T07:06:44.215756", "branch_coverage": false, "show_contexts": false}, "files": {"create-client-cert.py": {"executed_lines": [24, 26, 27, 28, 29, 30, 31, 32, 34, 35, 36, 37, 39, 46, 49, 54, 55, 56, 57, 58, 62, 70, 73, 74, 77, 83, 84, 89, 91, 92, 93, 98, 99, 100, 101, 103, 104, 110, 111, 112, 115, 120, 122, 123, 137, 138, 140, 141, 143, 144, 145, 148, 149, 150, 151, 152, 157, 164, 165, 166, 168, 169, 175, 186, 197, 198, 199, 200, 201, 202], "summary": {"covered_lines": 70, "num_statements": 71, "percent_covered": 98.59154929577464, "percent_covered_display": "99", "missing_lines": 1, "excluded_lines": 2, "percent_statements_covered": 98.59154929577464, "percent_statements_covered_display": "99"}, "missing_lines": [59], "excluded_lines": [205, 206], "functions": {"sh": {"executed_lines": [54, 55, 56, 57, 58], "summary": {"covered_lines": 5, "num_statements": 6, "percent_covered": 83.33333333333333, "percent_covered_display": "83", "missing_lines": 1, "excluded_lines": 0, "percent_statements_covered": 83.33333333333333, "percent_statements_covered_display": "83"}, "missing_lines": [59], "excluded_lines": [], "start_line": 49}, "main": {"executed_lines": [70, 73, 74, 77, 83, 84, 89, 91, 92, 93, 98, 99, 100, 101, 103, 104, 110, 111, 112, 115, 120, 122, 123, 137, 138, 140, 141, 143, 144, 145, 148, 149, 150, 151, 152, 157, 164, 165, 166, 168, 169, 175, 186, 197, 198, 199, 200, 201, 202], "summary": {"covered_lines": 49, "num_statements": 49, "percent_covered": 100.0, "percent_covered_display": "100", "missing_lines": 0, "excluded_lines": 0, "percent_statements_covered": 100.0, "percent_statements_covered_display": "100"}, "missing_lines": [], "excluded_lines": [], "start_line": 62}, "": {"executed_lines": [24, 26, 27, 28, 29, 30, 31, 32, 34, 35, 36, 37, 39, 46, 49, 62], "summary": {"covered_lines": 16, "num_statements": 16, "percent_covered": 100.0, "percent_covered_display": "100", "missing_lines": 0, "excluded_lines": 2, "percent_statements_covered": 100.0, "percent_statements_covered_display": "100"}, "missing_lines": [], "excluded_lines": [205, 206], "start_line": 1}}, "classes": {"": {"executed_lines": [24, 26, 27, 28, 29, 30, 31, 32, 34, 35, 36, 37, 39, 46, 49, 54, 55, 56, 57, 58, 62, 70, 73, 74, 77, 83, 84, 89, 91, 92, 93, 98, 99, 100, 101, 103, 104, 110, 111, 112, 115, 120, 122, 123, 137, 138, 140, 141, 143, 144, 145, 148, 149, 150, 151, 152, 157, 164, 165, 166, 168, 169, 175, 186, 197, 198, 199, 200, 201, 202], "summary": {"covered_lines": 70, "num_statements": 71, "percent_covered": 98.59154929577464, "percent_covered_display": "99", "missing_lines": 1, "excluded_lines": 2, "percent_statements_covered": 98.59154929577464, "percent_statements_covered_display": "99"}, "missing_lines": [59], "excluded_lines": [205, 206], "start_line": 1}}}, "deploy-cplb.py": {"executed_lines": [3, 29, 30, 31, 33, 35, 36, 37, 38, 39, 44, 47, 53, 56, 61, 90, 91, 103, 104, 105, 106, 109, 114, 115, 116, 155, 159, 160, 161, 162, 165, 170, 171, 172, 173, 174, 177, 182, 183, 184, 219, 224, 227, 230, 232, 233, 234, 235, 236, 237, 238, 239, 240, 241, 246, 247, 248, 249, 250, 252, 253, 254, 255, 256, 257, 258, 259], "summary": {"covered_lines": 67, "num_statements": 67, "percent_covered": 100.0, "percent_covered_display": "100", "missing_lines": 0, "excluded_lines": 2, "percent_statements_covered": 100.0, "percent_statements_covered_display": "100"}, "missing_lines": [], "excluded_lines": [262, 263], "functions": {"controllers": {"executed_lines": [53], "summary": {"covered_lines": 1, "num_statements": 1, "percent_covered": 100.0, "percent_covered_display": "100", "missing_lines": 0, "excluded_lines": 0, "percent_statements_covered": 100.0, "percent_statements_covered_display": "100"}, "missing_lines": [], "excluded_lines": [], "start_line": 47}, "haproxy_cfg": {"executed_lines": [61, 90, 91, 103, 104, 105, 106], "summary": {"covered_lines": 7, "num_statements": 7, "percent_covered": 100.0, "percent_covered_display": "100", "missing_lines": 0, "excluded_lines": 0, "percent_statements_covered": 100.0, "percent_statements_covered_display": "100"}, "missing_lines": [], "excluded_lines": [], "start_line": 56}, "keepalived_cfg": {"executed_lines": [114, 115, 116], "summary": {"covered_lines": 3, "num_statements": 3, "percent_covered": 100.0, "percent_covered_display": "100", "missing_lines": 0, "excluded_lines": 0, "percent_statements_covered": 100.0, "percent_statements_covered_display": "100"}, "missing_lines": [], "excluded_lines": [], "start_line": 109}, "remote": {"executed_lines": [159, 160, 161, 162], "summary": {"covered_lines": 4, "num_statements": 4, "percent_covered": 100.0, "percent_covered_display": "100", "missing_lines": 0, "excluded_lines": 0, "percent_statements_covered": 100.0, "percent_statements_covered_display": "100"}, "missing_lines": [], "excluded_lines": [], "start_line": 155}, "run": {"executed_lines": [170, 171, 172, 173, 174], "summary": {"covered_lines": 5, "num_statements": 5, "percent_covered": 100.0, "percent_covered_display": "100", "missing_lines": 0, "excluded_lines": 0, "percent_statements_covered": 100.0, "percent_statements_covered_display": "100"}, "missing_lines": [], "excluded_lines": [], "start_line": 165}, "install_script": {"executed_lines": [182, 183, 184], "summary": {"covered_lines": 3, "num_statements": 3, "percent_covered": 100.0, "percent_covered_display": "100", "missing_lines": 0, "excluded_lines": 0, "percent_statements_covered": 100.0, "percent_statements_covered_display": "100"}, "missing_lines": [], "excluded_lines": [], "start_line": 177}, "main": {"executed_lines": [224, 227, 230, 232, 233, 234, 235, 236, 237, 238, 239, 240, 241, 246, 247, 248, 249, 250, 252, 253, 254, 255, 256, 257, 258, 259], "summary": {"covered_lines": 26, "num_statements": 26, "percent_covered": 100.0, "percent_covered_display": "100", "missing_lines": 0, "excluded_lines": 0, "percent_statements_covered": 100.0, "percent_statements_covered_display": "100"}, "missing_lines": [], "excluded_lines": [], "start_line": 219}, "": {"executed_lines": [3, 29, 30, 31, 33, 35, 36, 37, 38, 39, 44, 47, 56, 109, 155, 165, 177, 219], "summary": {"covered_lines": 18, "num_statements": 18, "percent_covered": 100.0, "percent_covered_display": "100", "missing_lines": 0, "excluded_lines": 2, "percent_statements_covered": 100.0, "percent_statements_covered_display": "100"}, "missing_lines": [], "excluded_lines": [262, 263], "start_line": 1}}, "classes": {"": {"executed_lines": [3, 29, 30, 31, 33, 35, 36, 37, 38, 39, 44, 47, 53, 56, 61, 90, 91, 103, 104, 105, 106, 109, 114, 115, 116, 155, 159, 160, 161, 162, 165, 170, 171, 172, 173, 174, 177, 182, 183, 184, 219, 224, 227, 230, 232, 233, 234, 235, 236, 237, 238, 239, 240, 241, 246, 247, 248, 249, 250, 252, 253, 254, 255, 256, 257, 258, 259], "summary": {"covered_lines": 67, "num_statements": 67, "percent_covered": 100.0, "percent_covered_display": "100", "missing_lines": 0, "excluded_lines": 2, "percent_statements_covered": 100.0, "percent_statements_covered_display": "100"}, "missing_lines": [], "excluded_lines": [262, 263], "start_line": 1}}}, "deploy_updates.py": {"executed_lines": [37, 39, 40, 41, 42, 43, 44, 45, 47, 49, 50, 53, 58, 59, 61, 62, 65, 66, 67, 70, 75, 76, 77, 78, 85, 86, 87, 92, 105, 106, 107, 108, 109, 110, 111, 112, 113, 114, 115, 116, 119, 148, 154, 155, 157, 158, 159, 160, 165, 167, 168, 169, 172, 173, 174, 176, 179, 185, 186, 189, 196, 197, 198, 199, 200, 206, 211, 212, 213, 214, 218, 224, 225, 243, 244, 245, 248, 254, 256, 257, 258, 260, 261, 262, 263, 264, 265, 266, 269, 274, 275, 276, 279, 281, 283, 299, 316, 322, 332, 333, 334, 338, 339, 341, 342, 345, 350, 351, 352], "summary": {"covered_lines": 109, "num_statements": 111, "percent_covered": 98.1981981981982, "percent_covered_display": "98", "missing_lines": 2, "excluded_lines": 6, "percent_statements_covered": 98.1981981981982, "percent_statements_covered_display": "98"}, "missing_lines": [156, 215], "excluded_lines": [355, 356, 357, 358, 359, 360], "functions": {"run": {"executed_lines": [58, 59, 61, 62, 65, 66, 67], "summary": {"covered_lines": 7, "num_statements": 7, "percent_covered": 100.0, "percent_covered_display": "100", "missing_lines": 0, "excluded_lines": 0, "percent_statements_covered": 100.0, "percent_statements_covered_display": "100"}, "missing_lines": [], "excluded_lines": [], "start_line": 53}, "stage_bytes": {"executed_lines": [75, 76, 77, 78, 85, 86, 87], "summary": {"covered_lines": 7, "num_statements": 7, "percent_covered": 100.0, "percent_covered_display": "100", "missing_lines": 0, "excluded_lines": 0, "percent_statements_covered": 100.0, "percent_statements_covered_display": "100"}, "missing_lines": [], "excluded_lines": [], "start_line": 70}, "build_payload": {"executed_lines": [105, 106, 107, 108, 109, 110, 111, 112, 113, 114, 115, 116], "summary": {"covered_lines": 12, "num_statements": 12, "percent_covered": 100.0, "percent_covered_display": "100", "missing_lines": 0, "excluded_lines": 0, "percent_statements_covered": 100.0, "percent_statements_covered_display": "100"}, "missing_lines": [], "excluded_lines": [], "start_line": 92}, "apply": {"executed_lines": [154, 155, 157, 158, 159, 160, 165, 167, 168, 169, 172, 173, 174, 176], "summary": {"covered_lines": 14, "num_statements": 15, "percent_covered": 93.33333333333333, "percent_covered_display": "93", "missing_lines": 1, "excluded_lines": 0, "percent_statements_covered": 93.33333333333333, "percent_statements_covered_display": "93"}, "missing_lines": [156], "excluded_lines": [], "start_line": 148}, "peer_of": {"executed_lines": [185, 186], "summary": {"covered_lines": 2, "num_statements": 2, "percent_covered": 100.0, "percent_covered_display": "100", "missing_lines": 0, "excluded_lines": 0, "percent_statements_covered": 100.0, "percent_statements_covered_display": "100"}, "missing_lines": [], "excluded_lines": [], "start_line": 179}, "peer_ssh_target": {"executed_lines": [196, 197, 198, 199, 200], "summary": {"covered_lines": 5, "num_statements": 5, "percent_covered": 100.0, "percent_covered_display": "100", "missing_lines": 0, "excluded_lines": 0, "percent_statements_covered": 100.0, "percent_statements_covered_display": "100"}, "missing_lines": [], "excluded_lines": [], "start_line": 189}, "bootstrap_ip": {"executed_lines": [211, 212, 213, 214], "summary": {"covered_lines": 4, "num_statements": 5, "percent_covered": 80.0, "percent_covered_display": "80", "missing_lines": 1, "excluded_lines": 0, "percent_statements_covered": 80.0, "percent_statements_covered_display": "80"}, "missing_lines": [215], "excluded_lines": [], "start_line": 206}, "fetch_kubeconfig": {"executed_lines": [224, 225, 243, 244, 245], "summary": {"covered_lines": 5, "num_statements": 5, "percent_covered": 100.0, "percent_covered_display": "100", "missing_lines": 0, "excluded_lines": 0, "percent_statements_covered": 100.0, "percent_statements_covered_display": "100"}, "missing_lines": [], "excluded_lines": [], "start_line": 218}, "ntfy_topic": {"executed_lines": [254, 256, 257, 258, 260, 261, 262, 263, 264, 265, 266], "summary": {"covered_lines": 11, "num_statements": 11, "percent_covered": 100.0, "percent_covered_display": "100", "missing_lines": 0, "excluded_lines": 0, "percent_statements_covered": 100.0, "percent_statements_covered_display": "100"}, "missing_lines": [], "excluded_lines": [], "start_line": 248}, "deploy": {"executed_lines": [274, 275, 276, 279, 281, 283, 299, 316, 322, 332, 333, 334, 338, 339, 341, 342], "summary": {"covered_lines": 16, "num_statements": 16, "percent_covered": 100.0, "percent_covered_display": "100", "missing_lines": 0, "excluded_lines": 0, "percent_statements_covered": 100.0, "percent_statements_covered_display": "100"}, "missing_lines": [], "excluded_lines": [], "start_line": 269}, "main": {"executed_lines": [350, 351, 352], "summary": {"covered_lines": 3, "num_statements": 3, "percent_covered": 100.0, "percent_covered_display": "100", "missing_lines": 0, "excluded_lines": 0, "percent_statements_covered": 100.0, "percent_statements_covered_display": "100"}, "missing_lines": [], "excluded_lines": [], "start_line": 345}, "": {"executed_lines": [37, 39, 40, 41, 42, 43, 44, 45, 47, 49, 50, 53, 70, 92, 119, 148, 179, 189, 206, 218, 248, 269, 345], "summary": {"covered_lines": 23, "num_statements": 23, "percent_covered": 100.0, "percent_covered_display": "100", "missing_lines": 0, "excluded_lines": 6, "percent_statements_covered": 100.0, "percent_statements_covered_display": "100"}, "missing_lines": [], "excluded_lines": [355, 356, 357, 358, 359, 360], "start_line": 1}}, "classes": {"": {"executed_lines": [37, 39, 40, 41, 42, 43, 44, 45, 47, 49, 50, 53, 58, 59, 61, 62, 65, 66, 67, 70, 75, 76, 77, 78, 85, 86, 87, 92, 105, 106, 107, 108, 109, 110, 111, 112, 113, 114, 115, 116, 119, 148, 154, 155, 157, 158, 159, 160, 165, 167, 168, 169, 172, 173, 174, 176, 179, 185, 186, 189, 196, 197, 198, 199, 200, 206, 211, 212, 213, 214, 218, 224, 225, 243, 244, 245, 248, 254, 256, 257, 258, 260, 261, 262, 263, 264, 265, 266, 269, 274, 275, 276, 279, 281, 283, 299, 316, 322, 332, 333, 334, 338, 339, 341, 342, 345, 350, 351, 352], "summary": {"covered_lines": 109, "num_statements": 111, "percent_covered": 98.1981981981982, "percent_covered_display": "98", "missing_lines": 2, "excluded_lines": 6, "percent_statements_covered": 98.1981981981982, "percent_statements_covered_display": "98"}, "missing_lines": [156, 215], "excluded_lines": [355, 356, 357, 358, 359, 360], "start_line": 1}}}, "gate.py": {"executed_lines": [3, 55, 56, 57, 58, 59, 60, 61, 63, 64, 65, 70, 71, 72, 76, 82, 89, 92, 99, 102, 134, 165, 273, 300, 392, 406, 472, 487, 517, 527, 528, 529, 530, 531, 532, 533, 536, 537, 538, 539, 541, 542, 543, 544, 545, 546, 547, 561, 562, 564, 565, 568, 569, 570, 571, 572, 575, 576, 581, 584, 640, 709, 718, 724, 759, 860, 869, 871, 877, 878, 879, 883, 884, 887, 888, 889, 890, 894, 895, 896, 897, 898, 899, 900, 903, 906, 918, 962, 977, 982, 983, 986, 993, 994, 997, 1003, 1022, 1023, 1024, 1025, 1030, 1094, 1167, 1317], "summary": {"covered_lines": 104, "num_statements": 523, "percent_covered": 19.88527724665392, "percent_covered_display": "20", "missing_lines": 419, "excluded_lines": 2, "percent_statements_covered": 19.88527724665392, "percent_statements_covered_display": "20"}, "missing_lines": [110, 148, 149, 150, 151, 156, 157, 160, 161, 162, 199, 200, 202, 203, 204, 205, 206, 207, 208, 209, 210, 211, 212, 213, 218, 223, 225, 226, 227, 228, 229, 230, 235, 236, 237, 238, 239, 241, 242, 243, 248, 249, 250, 251, 253, 254, 255, 256, 257, 264, 265, 267, 280, 281, 294, 295, 296, 297, 317, 318, 335, 336, 351, 352, 353, 355, 356, 357, 373, 374, 376, 377, 378, 379, 380, 381, 382, 383, 384, 434, 435, 436, 437, 444, 445, 446, 447, 448, 449, 450, 451, 452, 453, 457, 458, 459, 460, 461, 462, 464, 465, 466, 467, 468, 469, 478, 479, 480, 481, 482, 483, 484, 495, 496, 497, 498, 499, 500, 501, 502, 503, 504, 505, 506, 507, 508, 509, 511, 512, 513, 514, 534, 535, 563, 566, 567, 593, 594, 608, 612, 613, 614, 615, 617, 618, 619, 620, 621, 622, 623, 624, 626, 627, 628, 632, 633, 634, 636, 637, 657, 658, 659, 660, 661, 663, 664, 665, 666, 667, 669, 670, 673, 675, 676, 677, 680, 681, 682, 683, 691, 692, 695, 696, 697, 698, 699, 700, 701, 703, 704, 705, 706, 712, 732, 733, 734, 735, 738, 739, 740, 741, 742, 743, 744, 745, 746, 747, 748, 752, 753, 756, 769, 771, 772, 773, 774, 775, 776, 777, 798, 802, 808, 809, 810, 811, 812, 813, 814, 815, 816, 817, 822, 831, 832, 833, 834, 838, 839, 845, 847, 848, 849, 850, 854, 855, 857, 880, 911, 912, 913, 914, 915, 924, 925, 926, 927, 928, 932, 933, 939, 940, 941, 942, 947, 948, 949, 954, 956, 969, 971, 974, 1026, 1027, 1054, 1055, 1056, 1057, 1058, 1059, 1060, 1061, 1062, 1075, 1076, 1077, 1078, 1079, 1080, 1082, 1083, 1084, 1089, 1090, 1091, 1110, 1117, 1118, 1120, 1121, 1122, 1123, 1138, 1139, 1140, 1141, 1142, 1143, 1144, 1145, 1146, 1147, 1148, 1151, 1153, 1154, 1155, 1156, 1157, 1160, 1161, 1162, 1163, 1164, 1188, 1189, 1190, 1191, 1193, 1196, 1198, 1200, 1202, 1203, 1204, 1205, 1209, 1213, 1218, 1219, 1220, 1223, 1224, 1226, 1240, 1242, 1246, 1247, 1250, 1257, 1258, 1262, 1263, 1264, 1265, 1266, 1272, 1273, 1276, 1277, 1280, 1282, 1283, 1284, 1285, 1286, 1292, 1293, 1294, 1295, 1296, 1300, 1304, 1305, 1307, 1309, 1310, 1311, 1323, 1326, 1328, 1329, 1332, 1336, 1338, 1339, 1342, 1349, 1352, 1353, 1355, 1359, 1363, 1366, 1368, 1370, 1371, 1373, 1374, 1375, 1377, 1378, 1380, 1381, 1382, 1383, 1384, 1389, 1390, 1391, 1392, 1393, 1394, 1398, 1399, 1400, 1402, 1403, 1404, 1405], "excluded_lines": [1408, 1409], "functions": {"all_vms": {"executed_lines": [89], "summary": {"covered_lines": 1, "num_statements": 1, "percent_covered": 100.0, "percent_covered_display": "100", "missing_lines": 0, "excluded_lines": 0, "percent_statements_covered": 100.0, "percent_statements_covered_display": "100"}, "missing_lines": [], "excluded_lines": [], "start_line": 82}, "bootstrap_vm": {"executed_lines": [99], "summary": {"covered_lines": 1, "num_statements": 1, "percent_covered": 100.0, "percent_covered_display": "100", "missing_lines": 0, "excluded_lines": 0, "percent_statements_covered": 100.0, "percent_statements_covered_display": "100"}, "missing_lines": [], "excluded_lines": [], "start_line": 92}, "kubectl": {"executed_lines": [], "summary": {"covered_lines": 0, "num_statements": 1, "percent_covered": 0.0, "percent_covered_display": "0", "missing_lines": 1, "excluded_lines": 0, "percent_statements_covered": 0.0, "percent_statements_covered_display": "0"}, "missing_lines": [110], "excluded_lines": [], "start_line": 102}, "orphaned_vms": {"executed_lines": [], "summary": {"covered_lines": 0, "num_statements": 9, "percent_covered": 0.0, "percent_covered_display": "0", "missing_lines": 9, "excluded_lines": 0, "percent_statements_covered": 0.0, "percent_statements_covered_display": "0"}, "missing_lines": [148, 149, 150, 151, 156, 157, 160, 161, 162], "excluded_lines": [], "start_line": 134}, "wipe": {"executed_lines": [], "summary": {"covered_lines": 0, "num_statements": 42, "percent_covered": 0.0, "percent_covered_display": "0", "missing_lines": 42, "excluded_lines": 0, "percent_statements_covered": 0.0, "percent_statements_covered_display": "0"}, "missing_lines": [199, 200, 202, 203, 204, 205, 206, 207, 208, 209, 210, 211, 212, 213, 218, 223, 225, 226, 227, 228, 229, 230, 235, 236, 237, 238, 239, 241, 242, 243, 248, 249, 250, 251, 253, 254, 255, 256, 257, 264, 265, 267], "excluded_lines": [], "start_line": 165}, "verify": {"executed_lines": [], "summary": {"covered_lines": 0, "num_statements": 6, "percent_covered": 0.0, "percent_covered_display": "0", "missing_lines": 6, "excluded_lines": 0, "percent_statements_covered": 0.0, "percent_statements_covered_display": "0"}, "missing_lines": [280, 281, 294, 295, 296, 297], "excluded_lines": [], "start_line": 273}, "_check_apiserver_tunnel": {"executed_lines": [], "summary": {"covered_lines": 0, "num_statements": 21, "percent_covered": 0.0, "percent_covered_display": "0", "missing_lines": 21, "excluded_lines": 0, "percent_statements_covered": 0.0, "percent_statements_covered_display": "0"}, "missing_lines": [317, 318, 335, 336, 351, 352, 353, 355, 356, 357, 373, 374, 376, 377, 378, 379, 380, 381, 382, 383, 384], "excluded_lines": [], "start_line": 300}, "_check_required_secrets": {"executed_lines": [], "summary": {"covered_lines": 0, "num_statements": 26, "percent_covered": 0.0, "percent_covered_display": "0", "missing_lines": 26, "excluded_lines": 0, "percent_statements_covered": 0.0, "percent_statements_covered_display": "0"}, "missing_lines": [434, 435, 436, 437, 444, 445, 446, 447, 448, 449, 450, 451, 452, 453, 457, 458, 459, 460, 461, 462, 464, 465, 466, 467, 468, 469], "excluded_lines": [], "start_line": 406}, "_check_nodes": {"executed_lines": [], "summary": {"covered_lines": 0, "num_statements": 7, "percent_covered": 0.0, "percent_covered_display": "0", "missing_lines": 7, "excluded_lines": 0, "percent_statements_covered": 0.0, "percent_statements_covered_display": "0"}, "missing_lines": [478, 479, 480, 481, 482, 483, 484], "excluded_lines": [], "start_line": 472}, "_check_system_pods": {"executed_lines": [], "summary": {"covered_lines": 0, "num_statements": 19, "percent_covered": 0.0, "percent_covered_display": "0", "missing_lines": 19, "excluded_lines": 0, "percent_statements_covered": 0.0, "percent_statements_covered_display": "0"}, "missing_lines": [495, 496, 497, 498, 499, 500, 501, 502, 503, 504, 505, 506, 507, 508, 509, 511, 512, 513, 514], "excluded_lines": [], "start_line": 487}, "_unhealthy_pods": {"executed_lines": [527, 528, 529, 530, 531, 532, 533, 536, 537, 538, 539, 541, 542, 543, 544, 545, 546, 547, 561, 562, 564, 565, 568, 569, 570, 571, 572, 575, 576, 581], "summary": {"covered_lines": 30, "num_statements": 35, "percent_covered": 85.71428571428571, "percent_covered_display": "86", "missing_lines": 5, "excluded_lines": 0, "percent_statements_covered": 85.71428571428571, "percent_statements_covered_display": "86"}, "missing_lines": [534, 535, 563, 566, 567], "excluded_lines": [], "start_line": 517}, "_check_dns": {"executed_lines": [], "summary": {"covered_lines": 0, "num_statements": 23, "percent_covered": 0.0, "percent_covered_display": "0", "missing_lines": 23, "excluded_lines": 0, "percent_statements_covered": 0.0, "percent_statements_covered_display": "0"}, "missing_lines": [593, 594, 608, 612, 613, 614, 615, 617, 618, 619, 620, 621, 622, 623, 624, 626, 627, 628, 632, 633, 634, 636, 637], "excluded_lines": [], "start_line": 584}, "_check_flux": {"executed_lines": [], "summary": {"covered_lines": 0, "num_statements": 33, "percent_covered": 0.0, "percent_covered_display": "0", "missing_lines": 33, "excluded_lines": 0, "percent_statements_covered": 0.0, "percent_statements_covered_display": "0"}, "missing_lines": [657, 658, 659, 660, 661, 663, 664, 665, 666, 667, 669, 670, 673, 675, 676, 677, 680, 681, 682, 683, 691, 692, 695, 696, 697, 698, 699, 700, 701, 703, 704, 705, 706], "excluded_lines": [], "start_line": 640}, "_force_delete_pod": {"executed_lines": [], "summary": {"covered_lines": 0, "num_statements": 1, "percent_covered": 0.0, "percent_covered_display": "0", "missing_lines": 1, "excluded_lines": 0, "percent_statements_covered": 0.0, "percent_statements_covered_display": "0"}, "missing_lines": [712], "excluded_lines": [], "start_line": 709}, "rebuild": {"executed_lines": [], "summary": {"covered_lines": 0, "num_statements": 18, "percent_covered": 0.0, "percent_covered_display": "0", "missing_lines": 18, "excluded_lines": 0, "percent_statements_covered": 0.0, "percent_statements_covered_display": "0"}, "missing_lines": [732, 733, 734, 735, 738, 739, 740, 741, 742, 743, 744, 745, 746, 747, 748, 752, 753, 756], "excluded_lines": [], "start_line": 724}, "cluster_fingerprint": {"executed_lines": [], "summary": {"covered_lines": 0, "num_statements": 35, "percent_covered": 0.0, "percent_covered_display": "0", "missing_lines": 35, "excluded_lines": 0, "percent_statements_covered": 0.0, "percent_statements_covered_display": "0"}, "missing_lines": [769, 771, 772, 773, 774, 775, 776, 777, 798, 802, 808, 809, 810, 811, 812, 813, 814, 815, 816, 817, 822, 831, 832, 833, 834, 838, 839, 845, 847, 848, 849, 850, 854, 855, 857], "excluded_lines": [], "start_line": 759}, "compare_fingerprints": {"executed_lines": [869, 871, 894, 895, 896, 897, 898, 899, 900], "summary": {"covered_lines": 9, "num_statements": 9, "percent_covered": 100.0, "percent_covered_display": "100", "missing_lines": 0, "excluded_lines": 0, "percent_statements_covered": 100.0, "percent_statements_covered_display": "100"}, "missing_lines": [], "excluded_lines": [], "start_line": 860}, "compare_fingerprints.walk": {"executed_lines": [877, 878, 879, 883, 884, 887, 888, 889, 890], "summary": {"covered_lines": 9, "num_statements": 10, "percent_covered": 90.0, "percent_covered_display": "90", "missing_lines": 1, "excluded_lines": 0, "percent_statements_covered": 90.0, "percent_statements_covered_display": "90"}, "missing_lines": [880], "excluded_lines": [], "start_line": 871}, "save_fingerprint": {"executed_lines": [], "summary": {"covered_lines": 0, "num_statements": 5, "percent_covered": 0.0, "percent_covered_display": "0", "missing_lines": 5, "excluded_lines": 0, "percent_statements_covered": 0.0, "percent_statements_covered_display": "0"}, "missing_lines": [911, 912, 913, 914, 915], "excluded_lines": [], "start_line": 906}, "compare_saved": {"executed_lines": [], "summary": {"covered_lines": 0, "num_statements": 16, "percent_covered": 0.0, "percent_covered_display": "0", "missing_lines": 16, "excluded_lines": 0, "percent_statements_covered": 0.0, "percent_statements_covered_display": "0"}, "missing_lines": [924, 925, 926, 927, 928, 932, 933, 939, 940, 941, 942, 947, 948, 949, 954, 956], "excluded_lines": [], "start_line": 918}, "expected_k0s_version": {"executed_lines": [], "summary": {"covered_lines": 0, "num_statements": 3, "percent_covered": 0.0, "percent_covered_display": "0", "missing_lines": 3, "excluded_lines": 0, "percent_statements_covered": 0.0, "percent_statements_covered_display": "0"}, "missing_lines": [969, 971, 974], "excluded_lines": [], "start_line": 962}, "node_kubelet_version": {"executed_lines": [982, 983], "summary": {"covered_lines": 2, "num_statements": 2, "percent_covered": 100.0, "percent_covered_display": "100", "missing_lines": 0, "excluded_lines": 0, "percent_statements_covered": 100.0, "percent_statements_covered_display": "100"}, "missing_lines": [], "excluded_lines": [], "start_line": 977}, "healthy_nodes": {"executed_lines": [993, 994], "summary": {"covered_lines": 2, "num_statements": 2, "percent_covered": 100.0, "percent_covered_display": "100", "missing_lines": 0, "excluded_lines": 0, "percent_statements_covered": 100.0, "percent_statements_covered_display": "100"}, "missing_lines": [], "excluded_lines": [], "start_line": 986}, "_etcd_members": {"executed_lines": [1003, 1022, 1023, 1024, 1025], "summary": {"covered_lines": 5, "num_statements": 7, "percent_covered": 71.42857142857143, "percent_covered_display": "71", "missing_lines": 2, "excluded_lines": 0, "percent_statements_covered": 71.42857142857143, "percent_statements_covered_display": "71"}, "missing_lines": [1026, 1027], "excluded_lines": [], "start_line": 997}, "wait_etcd_healthy": {"executed_lines": [], "summary": {"covered_lines": 0, "num_statements": 21, "percent_covered": 0.0, "percent_covered_display": "0", "missing_lines": 21, "excluded_lines": 0, "percent_statements_covered": 0.0, "percent_statements_covered_display": "0"}, "missing_lines": [1054, 1055, 1056, 1057, 1058, 1059, 1060, 1061, 1062, 1075, 1076, 1077, 1078, 1079, 1080, 1082, 1083, 1084, 1089, 1090, 1091], "excluded_lines": [], "start_line": 1030}, "wait_longhorn_healthy": {"executed_lines": [], "summary": {"covered_lines": 0, "num_statements": 29, "percent_covered": 0.0, "percent_covered_display": "0", "missing_lines": 29, "excluded_lines": 0, "percent_statements_covered": 0.0, "percent_statements_covered_display": "0"}, "missing_lines": [1110, 1117, 1118, 1120, 1121, 1122, 1123, 1138, 1139, 1140, 1141, 1142, 1143, 1144, 1145, 1146, 1147, 1148, 1151, 1153, 1154, 1155, 1156, 1157, 1160, 1161, 1162, 1163, 1164], "excluded_lines": [], "start_line": 1094}, "roll": {"executed_lines": [], "summary": {"covered_lines": 0, "num_statements": 54, "percent_covered": 0.0, "percent_covered_display": "0", "missing_lines": 54, "excluded_lines": 0, "percent_statements_covered": 0.0, "percent_statements_covered_display": "0"}, "missing_lines": [1188, 1189, 1190, 1191, 1193, 1196, 1198, 1200, 1202, 1203, 1204, 1205, 1209, 1213, 1218, 1219, 1220, 1223, 1224, 1226, 1240, 1242, 1246, 1247, 1250, 1257, 1258, 1262, 1263, 1264, 1265, 1266, 1272, 1273, 1276, 1277, 1280, 1282, 1283, 1284, 1285, 1286, 1292, 1293, 1294, 1295, 1296, 1300, 1304, 1305, 1307, 1309, 1310, 1311], "excluded_lines": [], "start_line": 1167}, "main": {"executed_lines": [], "summary": {"covered_lines": 0, "num_statements": 42, "percent_covered": 0.0, "percent_covered_display": "0", "missing_lines": 42, "excluded_lines": 0, "percent_statements_covered": 0.0, "percent_statements_covered_display": "0"}, "missing_lines": [1323, 1326, 1328, 1329, 1332, 1336, 1338, 1339, 1342, 1349, 1352, 1353, 1355, 1359, 1363, 1366, 1368, 1370, 1371, 1373, 1374, 1375, 1377, 1378, 1380, 1381, 1382, 1383, 1384, 1389, 1390, 1391, 1392, 1393, 1394, 1398, 1399, 1400, 1402, 1403, 1404, 1405], "excluded_lines": [], "start_line": 1317}, "": {"executed_lines": [3, 55, 56, 57, 58, 59, 60, 61, 63, 64, 65, 70, 71, 72, 76, 82, 92, 102, 134, 165, 273, 300, 392, 406, 472, 487, 517, 584, 640, 709, 718, 724, 759, 860, 903, 906, 918, 962, 977, 986, 997, 1030, 1094, 1167, 1317], "summary": {"covered_lines": 45, "num_statements": 45, "percent_covered": 100.0, "percent_covered_display": "100", "missing_lines": 0, "excluded_lines": 2, "percent_statements_covered": 100.0, "percent_statements_covered_display": "100"}, "missing_lines": [], "excluded_lines": [1408, 1409], "start_line": 1}}, "classes": {"": {"executed_lines": [3, 55, 56, 57, 58, 59, 60, 61, 63, 64, 65, 70, 71, 72, 76, 82, 89, 92, 99, 102, 134, 165, 273, 300, 392, 406, 472, 487, 517, 527, 528, 529, 530, 531, 532, 533, 536, 537, 538, 539, 541, 542, 543, 544, 545, 546, 547, 561, 562, 564, 565, 568, 569, 570, 571, 572, 575, 576, 581, 584, 640, 709, 718, 724, 759, 860, 869, 871, 877, 878, 879, 883, 884, 887, 888, 889, 890, 894, 895, 896, 897, 898, 899, 900, 903, 906, 918, 962, 977, 982, 983, 986, 993, 994, 997, 1003, 1022, 1023, 1024, 1025, 1030, 1094, 1167, 1317], "summary": {"covered_lines": 104, "num_statements": 523, "percent_covered": 19.88527724665392, "percent_covered_display": "20", "missing_lines": 419, "excluded_lines": 2, "percent_statements_covered": 19.88527724665392, "percent_statements_covered_display": "20"}, "missing_lines": [110, 148, 149, 150, 151, 156, 157, 160, 161, 162, 199, 200, 202, 203, 204, 205, 206, 207, 208, 209, 210, 211, 212, 213, 218, 223, 225, 226, 227, 228, 229, 230, 235, 236, 237, 238, 239, 241, 242, 243, 248, 249, 250, 251, 253, 254, 255, 256, 257, 264, 265, 267, 280, 281, 294, 295, 296, 297, 317, 318, 335, 336, 351, 352, 353, 355, 356, 357, 373, 374, 376, 377, 378, 379, 380, 381, 382, 383, 384, 434, 435, 436, 437, 444, 445, 446, 447, 448, 449, 450, 451, 452, 453, 457, 458, 459, 460, 461, 462, 464, 465, 466, 467, 468, 469, 478, 479, 480, 481, 482, 483, 484, 495, 496, 497, 498, 499, 500, 501, 502, 503, 504, 505, 506, 507, 508, 509, 511, 512, 513, 514, 534, 535, 563, 566, 567, 593, 594, 608, 612, 613, 614, 615, 617, 618, 619, 620, 621, 622, 623, 624, 626, 627, 628, 632, 633, 634, 636, 637, 657, 658, 659, 660, 661, 663, 664, 665, 666, 667, 669, 670, 673, 675, 676, 677, 680, 681, 682, 683, 691, 692, 695, 696, 697, 698, 699, 700, 701, 703, 704, 705, 706, 712, 732, 733, 734, 735, 738, 739, 740, 741, 742, 743, 744, 745, 746, 747, 748, 752, 753, 756, 769, 771, 772, 773, 774, 775, 776, 777, 798, 802, 808, 809, 810, 811, 812, 813, 814, 815, 816, 817, 822, 831, 832, 833, 834, 838, 839, 845, 847, 848, 849, 850, 854, 855, 857, 880, 911, 912, 913, 914, 915, 924, 925, 926, 927, 928, 932, 933, 939, 940, 941, 942, 947, 948, 949, 954, 956, 969, 971, 974, 1026, 1027, 1054, 1055, 1056, 1057, 1058, 1059, 1060, 1061, 1062, 1075, 1076, 1077, 1078, 1079, 1080, 1082, 1083, 1084, 1089, 1090, 1091, 1110, 1117, 1118, 1120, 1121, 1122, 1123, 1138, 1139, 1140, 1141, 1142, 1143, 1144, 1145, 1146, 1147, 1148, 1151, 1153, 1154, 1155, 1156, 1157, 1160, 1161, 1162, 1163, 1164, 1188, 1189, 1190, 1191, 1193, 1196, 1198, 1200, 1202, 1203, 1204, 1205, 1209, 1213, 1218, 1219, 1220, 1223, 1224, 1226, 1240, 1242, 1246, 1247, 1250, 1257, 1258, 1262, 1263, 1264, 1265, 1266, 1272, 1273, 1276, 1277, 1280, 1282, 1283, 1284, 1285, 1286, 1292, 1293, 1294, 1295, 1296, 1300, 1304, 1305, 1307, 1309, 1310, 1311, 1323, 1326, 1328, 1329, 1332, 1336, 1338, 1339, 1342, 1349, 1352, 1353, 1355, 1359, 1363, 1366, 1368, 1370, 1371, 1373, 1374, 1375, 1377, 1378, 1380, 1381, 1382, 1383, 1384, 1389, 1390, 1391, 1392, 1393, 1394, 1398, 1399, 1400, 1402, 1403, 1404, 1405], "excluded_lines": [1408, 1409], "start_line": 1}}}, "hosts.py": {"executed_lines": [24, 26, 28, 34, 37, 38, 46, 47, 53, 57, 58, 66, 69, 70, 78, 81, 82, 87, 92, 96, 99, 105, 106, 107, 114, 115, 125, 128, 132, 133, 134, 135, 147, 152, 156, 157, 159, 162, 164, 167, 170, 177, 179, 180, 181, 184, 186, 187, 191], "summary": {"covered_lines": 49, "num_statements": 49, "percent_covered": 100.0, "percent_covered_display": "100", "missing_lines": 0, "excluded_lines": 0, "percent_statements_covered": 100.0, "percent_statements_covered_display": "100"}, "missing_lines": [], "excluded_lines": [], "functions": {"_build_hosts": {"executed_lines": [105, 106, 107, 114, 115, 125], "summary": {"covered_lines": 6, "num_statements": 6, "percent_covered": 100.0, "percent_covered_display": "100", "missing_lines": 0, "excluded_lines": 0, "percent_statements_covered": 100.0, "percent_statements_covered_display": "100"}, "missing_lines": [], "excluded_lines": [], "start_line": 99}, "": {"executed_lines": [24, 26, 28, 34, 37, 38, 46, 47, 53, 57, 58, 66, 69, 70, 78, 81, 82, 87, 92, 96, 99, 128, 132, 133, 134, 135, 147, 152, 156, 157, 159, 162, 164, 167, 170, 177, 179, 180, 181, 184, 186, 187, 191], "summary": {"covered_lines": 43, "num_statements": 43, "percent_covered": 100.0, "percent_covered_display": "100", "missing_lines": 0, "excluded_lines": 0, "percent_statements_covered": 100.0, "percent_statements_covered_display": "100"}, "missing_lines": [], "excluded_lines": [], "start_line": 1}}, "classes": {"VM": {"executed_lines": [], "summary": {"covered_lines": 0, "num_statements": 0, "percent_covered": 100.0, "percent_covered_display": "100", "missing_lines": 0, "excluded_lines": 0, "percent_statements_covered": 100.0, "percent_statements_covered_display": "100"}, "missing_lines": [], "excluded_lines": [], "start_line": 38}, "Host": {"executed_lines": [], "summary": {"covered_lines": 0, "num_statements": 0, "percent_covered": 100.0, "percent_covered_display": "100", "missing_lines": 0, "excluded_lines": 0, "percent_statements_covered": 100.0, "percent_statements_covered_display": "100"}, "missing_lines": [], "excluded_lines": [], "start_line": 70}, "": {"executed_lines": [24, 26, 28, 34, 37, 38, 46, 47, 53, 57, 58, 66, 69, 70, 78, 81, 82, 87, 92, 96, 99, 105, 106, 107, 114, 115, 125, 128, 132, 133, 134, 135, 147, 152, 156, 157, 159, 162, 164, 167, 170, 177, 179, 180, 181, 184, 186, 187, 191], "summary": {"covered_lines": 49, "num_statements": 49, "percent_covered": 100.0, "percent_covered_display": "100", "missing_lines": 0, "excluded_lines": 0, "percent_statements_covered": 100.0, "percent_statements_covered_display": "100"}, "missing_lines": [], "excluded_lines": [], "start_line": 1}}}, "jit-admin.py": {"executed_lines": [24, 26, 27, 28, 29, 30, 32, 33, 43, 46, 53, 54, 55, 56, 57, 58, 61, 65, 66, 69, 75, 76, 77, 78, 79, 80, 81, 82, 83, 84, 85, 86, 87, 88, 91, 96, 97, 101, 102, 103, 125, 130, 131, 132, 135, 140, 141, 142, 143, 147, 148, 151, 156, 159, 160, 161, 162, 163, 164, 165, 167, 168, 173, 174, 175, 176], "summary": {"covered_lines": 66, "num_statements": 67, "percent_covered": 98.50746268656717, "percent_covered_display": "99", "missing_lines": 1, "excluded_lines": 2, "percent_statements_covered": 98.50746268656717, "percent_statements_covered_display": "99"}, "missing_lines": [169], "excluded_lines": [179, 180], "functions": {"sh": {"executed_lines": [53, 54, 55, 56, 57, 58], "summary": {"covered_lines": 6, "num_statements": 6, "percent_covered": 100.0, "percent_covered_display": "100", "missing_lines": 0, "excluded_lines": 0, "percent_statements_covered": 100.0, "percent_statements_covered_display": "100"}, "missing_lines": [], "excluded_lines": [], "start_line": 46}, "current": {"executed_lines": [65, 66], "summary": {"covered_lines": 2, "num_statements": 2, "percent_covered": 100.0, "percent_covered_display": "100", "missing_lines": 0, "excluded_lines": 0, "percent_statements_covered": 100.0, "percent_statements_covered_display": "100"}, "missing_lines": [], "excluded_lines": [], "start_line": 61}, "cmd_status": {"executed_lines": [75, 76, 77, 78, 79, 80, 81, 82, 83, 84, 85, 86, 87, 88], "summary": {"covered_lines": 14, "num_statements": 14, "percent_covered": 100.0, "percent_covered_display": "100", "missing_lines": 0, "excluded_lines": 0, "percent_statements_covered": 100.0, "percent_statements_covered_display": "100"}, "missing_lines": [], "excluded_lines": [], "start_line": 69}, "cmd_grant": {"executed_lines": [96, 97, 101, 102, 103, 125, 130, 131, 132], "summary": {"covered_lines": 9, "num_statements": 9, "percent_covered": 100.0, "percent_covered_display": "100", "missing_lines": 0, "excluded_lines": 0, "percent_statements_covered": 100.0, "percent_statements_covered_display": "100"}, "missing_lines": [], "excluded_lines": [], "start_line": 91}, "cmd_revoke": {"executed_lines": [140, 141, 142, 143, 147, 148], "summary": {"covered_lines": 6, "num_statements": 6, "percent_covered": 100.0, "percent_covered_display": "100", "missing_lines": 0, "excluded_lines": 0, "percent_statements_covered": 100.0, "percent_statements_covered_display": "100"}, "missing_lines": [], "excluded_lines": [], "start_line": 135}, "main": {"executed_lines": [156, 159, 160, 161, 162, 163, 164, 165, 167, 168, 173, 174, 175, 176], "summary": {"covered_lines": 14, "num_statements": 15, "percent_covered": 93.33333333333333, "percent_covered_display": "93", "missing_lines": 1, "excluded_lines": 0, "percent_statements_covered": 93.33333333333333, "percent_statements_covered_display": "93"}, "missing_lines": [169], "excluded_lines": [], "start_line": 151}, "": {"executed_lines": [24, 26, 27, 28, 29, 30, 32, 33, 43, 46, 61, 69, 91, 135, 151], "summary": {"covered_lines": 15, "num_statements": 15, "percent_covered": 100.0, "percent_covered_display": "100", "missing_lines": 0, "excluded_lines": 2, "percent_statements_covered": 100.0, "percent_statements_covered_display": "100"}, "missing_lines": [], "excluded_lines": [179, 180], "start_line": 1}}, "classes": {"": {"executed_lines": [24, 26, 27, 28, 29, 30, 32, 33, 43, 46, 53, 54, 55, 56, 57, 58, 61, 65, 66, 69, 75, 76, 77, 78, 79, 80, 81, 82, 83, 84, 85, 86, 87, 88, 91, 96, 97, 101, 102, 103, 125, 130, 131, 132, 135, 140, 141, 142, 143, 147, 148, 151, 156, 159, 160, 161, 162, 163, 164, 165, 167, 168, 173, 174, 175, 176], "summary": {"covered_lines": 66, "num_statements": 67, "percent_covered": 98.50746268656717, "percent_covered_display": "99", "missing_lines": 1, "excluded_lines": 2, "percent_statements_covered": 98.50746268656717, "percent_statements_covered_display": "99"}, "missing_lines": [169], "excluded_lines": [179, 180], "start_line": 1}}}, "models.py": {"executed_lines": [38, 40, 43, 52, 55, 64, 65, 66, 67, 70, 80, 81, 82, 83, 86, 94, 95, 96, 97, 98, 99, 102, 105, 106, 107, 108, 111, 119, 120, 121, 124, 127, 128, 131, 138, 139, 140, 141, 144, 151, 152, 153, 154, 155, 158, 166, 167, 168, 171, 178, 179, 182, 185, 186, 189, 192, 193, 194, 195, 201, 202, 203, 204, 207, 210, 211, 212, 215, 224, 225, 226, 227, 228, 229, 230, 231, 232, 233, 234, 237, 238, 239], "summary": {"covered_lines": 82, "num_statements": 82, "percent_covered": 100.0, "percent_covered_display": "100", "missing_lines": 0, "excluded_lines": 0, "percent_statements_covered": 100.0, "percent_statements_covered_display": "100"}, "missing_lines": [], "excluded_lines": [], "functions": {"": {"executed_lines": [38, 40, 43, 52, 55, 64, 65, 66, 67, 70, 80, 81, 82, 83, 86, 94, 95, 96, 97, 98, 99, 102, 105, 106, 107, 108, 111, 119, 120, 121, 124, 127, 128, 131, 138, 139, 140, 141, 144, 151, 152, 153, 154, 155, 158, 166, 167, 168, 171, 178, 179, 182, 185, 186, 189, 192, 193, 194, 195, 201, 202, 203, 204, 207, 210, 211, 212, 215, 224, 225, 226, 227, 228, 229, 230, 231, 232, 233, 234, 237, 238, 239], "summary": {"covered_lines": 82, "num_statements": 82, "percent_covered": 100.0, "percent_covered_display": "100", "missing_lines": 0, "excluded_lines": 0, "percent_statements_covered": 100.0, "percent_statements_covered_display": "100"}, "missing_lines": [], "excluded_lines": [], "start_line": 1}}, "classes": {"_Strict": {"executed_lines": [], "summary": {"covered_lines": 0, "num_statements": 0, "percent_covered": 100.0, "percent_covered_display": "100", "missing_lines": 0, "excluded_lines": 0, "percent_statements_covered": 100.0, "percent_statements_covered_display": "100"}, "missing_lines": [], "excluded_lines": [], "start_line": 43}, "NetworkConfig": {"executed_lines": [], "summary": {"covered_lines": 0, "num_statements": 0, "percent_covered": 100.0, "percent_covered_display": "100", "missing_lines": 0, "excluded_lines": 0, "percent_statements_covered": 100.0, "percent_statements_covered_display": "100"}, "missing_lines": [], "excluded_lines": [], "start_line": 55}, "HypervisorConfig": {"executed_lines": [], "summary": {"covered_lines": 0, "num_statements": 0, "percent_covered": 100.0, "percent_covered_display": "100", "missing_lines": 0, "excluded_lines": 0, "percent_statements_covered": 100.0, "percent_statements_covered_display": "100"}, "missing_lines": [], "excluded_lines": [], "start_line": 70}, "NodeConfig": {"executed_lines": [], "summary": {"covered_lines": 0, "num_statements": 0, "percent_covered": 100.0, "percent_covered_display": "100", "missing_lines": 0, "excluded_lines": 0, "percent_statements_covered": 100.0, "percent_statements_covered_display": "100"}, "missing_lines": [], "excluded_lines": [], "start_line": 86}, "DefaultsConfig": {"executed_lines": [], "summary": {"covered_lines": 0, "num_statements": 0, "percent_covered": 100.0, "percent_covered_display": "100", "missing_lines": 0, "excluded_lines": 0, "percent_statements_covered": 100.0, "percent_statements_covered_display": "100"}, "missing_lines": [], "excluded_lines": [], "start_line": 102}, "KairosConfig": {"executed_lines": [], "summary": {"covered_lines": 0, "num_statements": 0, "percent_covered": 100.0, "percent_covered_display": "100", "missing_lines": 0, "excluded_lines": 0, "percent_statements_covered": 100.0, "percent_statements_covered_display": "100"}, "missing_lines": [], "excluded_lines": [], "start_line": 111}, "K0sConfig": {"executed_lines": [], "summary": {"covered_lines": 0, "num_statements": 0, "percent_covered": 100.0, "percent_covered_display": "100", "missing_lines": 0, "excluded_lines": 0, "percent_statements_covered": 100.0, "percent_statements_covered_display": "100"}, "missing_lines": [], "excluded_lines": [], "start_line": 124}, "ControlPlaneConfig": {"executed_lines": [], "summary": {"covered_lines": 0, "num_statements": 0, "percent_covered": 100.0, "percent_covered_display": "100", "missing_lines": 0, "excluded_lines": 0, "percent_statements_covered": 100.0, "percent_statements_covered_display": "100"}, "missing_lines": [], "excluded_lines": [], "start_line": 131}, "ExternalSecretsConfig": {"executed_lines": [], "summary": {"covered_lines": 0, "num_statements": 0, "percent_covered": 100.0, "percent_covered_display": "100", "missing_lines": 0, "excluded_lines": 0, "percent_statements_covered": 100.0, "percent_statements_covered_display": "100"}, "missing_lines": [], "excluded_lines": [], "start_line": 144}, "ApiHardeningConfig": {"executed_lines": [], "summary": {"covered_lines": 0, "num_statements": 0, "percent_covered": 100.0, "percent_covered_display": "100", "missing_lines": 0, "excluded_lines": 0, "percent_statements_covered": 100.0, "percent_statements_covered_display": "100"}, "missing_lines": [], "excluded_lines": [], "start_line": 158}, "PostureConfig": {"executed_lines": [], "summary": {"covered_lines": 0, "num_statements": 0, "percent_covered": 100.0, "percent_covered_display": "100", "missing_lines": 0, "excluded_lines": 0, "percent_statements_covered": 100.0, "percent_statements_covered_display": "100"}, "missing_lines": [], "excluded_lines": [], "start_line": 171}, "LibvirtConfig": {"executed_lines": [], "summary": {"covered_lines": 0, "num_statements": 0, "percent_covered": 100.0, "percent_covered_display": "100", "missing_lines": 0, "excluded_lines": 0, "percent_statements_covered": 100.0, "percent_statements_covered_display": "100"}, "missing_lines": [], "excluded_lines": [], "start_line": 182}, "FluxConfig": {"executed_lines": [], "summary": {"covered_lines": 0, "num_statements": 0, "percent_covered": 100.0, "percent_covered_display": "100", "missing_lines": 0, "excluded_lines": 0, "percent_statements_covered": 100.0, "percent_statements_covered_display": "100"}, "missing_lines": [], "excluded_lines": [], "start_line": 189}, "DnsConfig": {"executed_lines": [], "summary": {"covered_lines": 0, "num_statements": 0, "percent_covered": 100.0, "percent_covered_display": "100", "missing_lines": 0, "excluded_lines": 0, "percent_statements_covered": 100.0, "percent_statements_covered_display": "100"}, "missing_lines": [], "excluded_lines": [], "start_line": 207}, "SiteConfig": {"executed_lines": [], "summary": {"covered_lines": 0, "num_statements": 0, "percent_covered": 100.0, "percent_covered_display": "100", "missing_lines": 0, "excluded_lines": 0, "percent_statements_covered": 100.0, "percent_statements_covered_display": "100"}, "missing_lines": [], "excluded_lines": [], "start_line": 215}, "": {"executed_lines": [38, 40, 43, 52, 55, 64, 65, 66, 67, 70, 80, 81, 82, 83, 86, 94, 95, 96, 97, 98, 99, 102, 105, 106, 107, 108, 111, 119, 120, 121, 124, 127, 128, 131, 138, 139, 140, 141, 144, 151, 152, 153, 154, 155, 158, 166, 167, 168, 171, 178, 179, 182, 185, 186, 189, 192, 193, 194, 195, 201, 202, 203, 204, 207, 210, 211, 212, 215, 224, 225, 226, 227, 228, 229, 230, 231, 232, 233, 234, 237, 238, 239], "summary": {"covered_lines": 82, "num_statements": 82, "percent_covered": 100.0, "percent_covered_display": "100", "missing_lines": 0, "excluded_lines": 0, "percent_statements_covered": 100.0, "percent_statements_covered_display": "100"}, "missing_lines": [], "excluded_lines": [], "start_line": 1}}}, "posture-check.py": {"executed_lines": [21, 23, 24, 25, 26, 27, 28, 30, 31, 33, 35, 39, 47, 48, 51, 63, 66, 67, 71, 74, 79, 86, 87, 88, 89, 90, 91, 92, 93, 96, 102, 103, 104, 105, 111, 112, 116, 121, 127, 128, 129, 130, 131, 137, 143, 144, 148, 151, 157, 158, 159, 160, 166, 167, 168, 169, 170, 171, 174, 175, 178, 184, 199, 200, 201, 202, 203, 204, 205, 206, 207, 208, 209, 210, 212, 213, 214, 215, 219, 222, 227, 252, 267, 273, 274, 280, 281, 287, 294, 295, 296, 306, 309, 310, 314, 315, 318, 324, 325, 326, 327, 328, 329, 330, 331, 332, 337, 338, 350, 351, 354, 367, 368, 372, 373, 374, 382, 397, 398, 399, 400, 401, 402, 403, 404, 405, 406, 407, 408, 409, 414, 417, 428, 429, 444, 445, 446, 447, 450, 452, 455, 463, 464, 465, 473, 480, 481, 482, 483, 484, 485, 486, 487, 488, 489, 491, 492, 493, 495, 498, 506, 507, 508, 509, 510, 511, 515, 516, 517, 521, 522, 530, 531, 536, 541, 546, 547, 548, 549, 557, 558, 563, 566, 576, 577, 578, 579, 580, 582, 589, 606, 608, 609, 610, 612, 614, 615, 616, 617, 618, 619, 624, 627, 630, 639, 640, 654, 655, 656, 657, 659, 660, 661, 662, 663, 664, 665, 666, 667, 668], "summary": {"covered_lines": 220, "num_statements": 222, "percent_covered": 99.09909909909909, "percent_covered_display": "99", "missing_lines": 2, "excluded_lines": 2, "percent_statements_covered": 99.09909909909909, "percent_statements_covered_display": "99"}, "missing_lines": [342, 343], "excluded_lines": [671, 672], "functions": {"_find_kubectl": {"executed_lines": [63, 66, 67, 71], "summary": {"covered_lines": 4, "num_statements": 4, "percent_covered": 100.0, "percent_covered_display": "100", "missing_lines": 0, "excluded_lines": 0, "percent_statements_covered": 100.0, "percent_statements_covered_display": "100"}, "missing_lines": [], "excluded_lines": [], "start_line": 51}, "kubectl": {"executed_lines": [79, 86, 87, 88, 89, 90, 91, 92, 93], "summary": {"covered_lines": 9, "num_statements": 9, "percent_covered": 100.0, "percent_covered_display": "100", "missing_lines": 0, "excluded_lines": 0, "percent_statements_covered": 100.0, "percent_statements_covered_display": "100"}, "missing_lines": [], "excluded_lines": [], "start_line": 74}, "check_pod_security": {"executed_lines": [102, 103, 104, 105, 111, 112, 116], "summary": {"covered_lines": 7, "num_statements": 7, "percent_covered": 100.0, "percent_covered_display": "100", "missing_lines": 0, "excluded_lines": 0, "percent_statements_covered": 100.0, "percent_statements_covered_display": "100"}, "missing_lines": [], "excluded_lines": [], "start_line": 96}, "check_default_deny": {"executed_lines": [127, 128, 129, 130, 131, 137, 143, 144, 148], "summary": {"covered_lines": 9, "num_statements": 9, "percent_covered": 100.0, "percent_covered_display": "100", "missing_lines": 0, "excluded_lines": 0, "percent_statements_covered": 100.0, "percent_statements_covered_display": "100"}, "missing_lines": [], "excluded_lines": [], "start_line": 121}, "check_cluster_admin": {"executed_lines": [157, 158, 159, 160, 166, 167, 168, 169, 170, 171, 174, 175], "summary": {"covered_lines": 12, "num_statements": 12, "percent_covered": 100.0, "percent_covered_display": "100", "missing_lines": 0, "excluded_lines": 0, "percent_statements_covered": 100.0, "percent_statements_covered_display": "100"}, "missing_lines": [], "excluded_lines": [], "start_line": 151}, "check_no_standing_grant": {"executed_lines": [184, 199, 200, 201, 202, 203, 204, 205, 206, 207, 208, 209, 210, 212, 213, 214, 215, 219], "summary": {"covered_lines": 18, "num_statements": 18, "percent_covered": 100.0, "percent_covered_display": "100", "missing_lines": 0, "excluded_lines": 0, "percent_statements_covered": 100.0, "percent_statements_covered_display": "100"}, "missing_lines": [], "excluded_lines": [], "start_line": 178}, "check_failed_units": {"executed_lines": [267, 273, 274, 280, 281, 287, 294, 295, 296, 306, 309, 310, 314, 315], "summary": {"covered_lines": 14, "num_statements": 14, "percent_covered": 100.0, "percent_covered_display": "100", "missing_lines": 0, "excluded_lines": 0, "percent_statements_covered": 100.0, "percent_statements_covered_display": "100"}, "missing_lines": [], "excluded_lines": [], "start_line": 252}, "check_admission_policies": {"executed_lines": [324, 325, 326, 327, 328, 329, 330, 331, 332, 337, 338], "summary": {"covered_lines": 11, "num_statements": 13, "percent_covered": 84.61538461538461, "percent_covered_display": "85", "missing_lines": 2, "excluded_lines": 0, "percent_statements_covered": 84.61538461538461, "percent_statements_covered_display": "85"}, "missing_lines": [342, 343], "excluded_lines": [], "start_line": 318}, "check_selinux": {"executed_lines": [367, 368, 372, 373, 374, 382, 397, 398, 399, 400, 401, 402, 403, 404, 405, 406, 407, 408, 409, 414], "summary": {"covered_lines": 20, "num_statements": 20, "percent_covered": 100.0, "percent_covered_display": "100", "missing_lines": 0, "excluded_lines": 0, "percent_statements_covered": 100.0, "percent_statements_covered_display": "100"}, "missing_lines": [], "excluded_lines": [], "start_line": 354}, "check_peer_units": {"executed_lines": [428, 429, 444, 445, 446, 447, 450, 452], "summary": {"covered_lines": 8, "num_statements": 8, "percent_covered": 100.0, "percent_covered_display": "100", "missing_lines": 0, "excluded_lines": 0, "percent_statements_covered": 100.0, "percent_statements_covered_display": "100"}, "missing_lines": [], "excluded_lines": [], "start_line": 417}, "check_flux": {"executed_lines": [463, 464, 465, 473, 480, 481, 482, 483, 484, 485, 486, 487, 488, 489, 491, 492, 493, 495], "summary": {"covered_lines": 18, "num_statements": 18, "percent_covered": 100.0, "percent_covered_display": "100", "missing_lines": 0, "excluded_lines": 0, "percent_statements_covered": 100.0, "percent_statements_covered_display": "100"}, "missing_lines": [], "excluded_lines": [], "start_line": 455}, "check_source_verified": {"executed_lines": [506, 507, 508, 509, 510, 511, 515, 516, 517, 521, 522, 530, 531, 536], "summary": {"covered_lines": 14, "num_statements": 14, "percent_covered": 100.0, "percent_covered_display": "100", "missing_lines": 0, "excluded_lines": 0, "percent_statements_covered": 100.0, "percent_statements_covered_display": "100"}, "missing_lines": [], "excluded_lines": [], "start_line": 498}, "check_credentials": {"executed_lines": [546, 547, 548, 549, 557, 558, 563], "summary": {"covered_lines": 7, "num_statements": 7, "percent_covered": 100.0, "percent_covered_display": "100", "missing_lines": 0, "excluded_lines": 0, "percent_statements_covered": 100.0, "percent_statements_covered_display": "100"}, "missing_lines": [], "excluded_lines": [], "start_line": 541}, "check_origin_lock": {"executed_lines": [576, 577, 578, 579, 580, 582, 608, 609, 610, 612, 614, 615, 616, 617, 618, 619, 624], "summary": {"covered_lines": 17, "num_statements": 17, "percent_covered": 100.0, "percent_covered_display": "100", "missing_lines": 0, "excluded_lines": 0, "percent_statements_covered": 100.0, "percent_statements_covered_display": "100"}, "missing_lines": [], "excluded_lines": [], "start_line": 566}, "check_origin_lock.curl": {"executed_lines": [589, 606], "summary": {"covered_lines": 2, "num_statements": 2, "percent_covered": 100.0, "percent_covered_display": "100", "missing_lines": 0, "excluded_lines": 0, "percent_statements_covered": 100.0, "percent_statements_covered_display": "100"}, "missing_lines": [], "excluded_lines": [], "start_line": 582}, "main": {"executed_lines": [639, 640, 654, 655, 656, 657, 659, 660, 661, 662, 663, 664, 665, 666, 667, 668], "summary": {"covered_lines": 16, "num_statements": 16, "percent_covered": 100.0, "percent_covered_display": "100", "missing_lines": 0, "excluded_lines": 0, "percent_statements_covered": 100.0, "percent_statements_covered_display": "100"}, "missing_lines": [], "excluded_lines": [], "start_line": 630}, "": {"executed_lines": [21, 23, 24, 25, 26, 27, 28, 30, 31, 33, 35, 39, 47, 48, 51, 74, 96, 121, 151, 178, 222, 227, 252, 318, 350, 351, 354, 417, 455, 498, 541, 566, 627, 630], "summary": {"covered_lines": 34, "num_statements": 34, "percent_covered": 100.0, "percent_covered_display": "100", "missing_lines": 0, "excluded_lines": 2, "percent_statements_covered": 100.0, "percent_statements_covered_display": "100"}, "missing_lines": [], "excluded_lines": [671, 672], "start_line": 1}}, "classes": {"": {"executed_lines": [21, 23, 24, 25, 26, 27, 28, 30, 31, 33, 35, 39, 47, 48, 51, 63, 66, 67, 71, 74, 79, 86, 87, 88, 89, 90, 91, 92, 93, 96, 102, 103, 104, 105, 111, 112, 116, 121, 127, 128, 129, 130, 131, 137, 143, 144, 148, 151, 157, 158, 159, 160, 166, 167, 168, 169, 170, 171, 174, 175, 178, 184, 199, 200, 201, 202, 203, 204, 205, 206, 207, 208, 209, 210, 212, 213, 214, 215, 219, 222, 227, 252, 267, 273, 274, 280, 281, 287, 294, 295, 296, 306, 309, 310, 314, 315, 318, 324, 325, 326, 327, 328, 329, 330, 331, 332, 337, 338, 350, 351, 354, 367, 368, 372, 373, 374, 382, 397, 398, 399, 400, 401, 402, 403, 404, 405, 406, 407, 408, 409, 414, 417, 428, 429, 444, 445, 446, 447, 450, 452, 455, 463, 464, 465, 473, 480, 481, 482, 483, 484, 485, 486, 487, 488, 489, 491, 492, 493, 495, 498, 506, 507, 508, 509, 510, 511, 515, 516, 517, 521, 522, 530, 531, 536, 541, 546, 547, 548, 549, 557, 558, 563, 566, 576, 577, 578, 579, 580, 582, 589, 606, 608, 609, 610, 612, 614, 615, 616, 617, 618, 619, 624, 627, 630, 639, 640, 654, 655, 656, 657, 659, 660, 661, 662, 663, 664, 665, 666, 667, 668], "summary": {"covered_lines": 220, "num_statements": 222, "percent_covered": 99.09909909909909, "percent_covered_display": "99", "missing_lines": 2, "excluded_lines": 2, "percent_statements_covered": 99.09909909909909, "percent_statements_covered_display": "99"}, "missing_lines": [342, 343], "excluded_lines": [671, 672], "start_line": 1}}}, "provision.py": {"executed_lines": [3, 27, 28, 29, 30, 31, 32, 34, 60, 61, 62, 63, 67, 70, 97, 126, 137, 140, 163, 223, 253, 295, 306, 307, 329, 330, 331, 333, 334, 335, 343, 359, 360, 361, 362, 363, 366, 412, 413, 414, 418, 419, 420, 424, 493, 494, 495, 496, 502, 503, 531, 532, 538, 558, 579, 580, 581, 582, 583, 625, 626, 627, 628, 647, 648, 649, 819, 848, 884, 900, 911, 933, 967, 1023, 1050, 1097, 1125, 1226, 1275, 1324, 1418, 1461, 1466, 1467, 1471, 1474, 1510], "summary": {"covered_lines": 87, "num_statements": 340, "percent_covered": 25.58823529411765, "percent_covered_display": "26", "missing_lines": 253, "excluded_lines": 6, "percent_statements_covered": 25.58823529411765, "percent_statements_covered_display": "26"}, "missing_lines": [76, 77, 81, 82, 89, 90, 94, 103, 104, 105, 106, 112, 113, 120, 121, 131, 134, 150, 156, 157, 170, 175, 176, 180, 181, 187, 196, 197, 200, 205, 210, 211, 212, 213, 214, 215, 218, 229, 232, 233, 234, 235, 248, 249, 250, 258, 259, 260, 261, 262, 263, 276, 277, 278, 279, 280, 281, 282, 283, 288, 289, 292, 586, 588, 599, 603, 604, 825, 826, 827, 828, 843, 863, 881, 892, 893, 894, 895, 896, 897, 905, 908, 925, 926, 927, 928, 929, 930, 942, 943, 958, 959, 960, 961, 964, 982, 1000, 1001, 1002, 1003, 1037, 1042, 1043, 1044, 1045, 1046, 1047, 1078, 1079, 1080, 1081, 1082, 1104, 1107, 1108, 1109, 1111, 1112, 1113, 1114, 1115, 1116, 1118, 1122, 1137, 1138, 1139, 1142, 1146, 1147, 1152, 1153, 1203, 1206, 1207, 1208, 1209, 1211, 1214, 1218, 1219, 1221, 1238, 1256, 1257, 1258, 1259, 1260, 1261, 1262, 1263, 1264, 1265, 1266, 1267, 1268, 1271, 1272, 1294, 1295, 1296, 1297, 1298, 1299, 1300, 1301, 1302, 1303, 1304, 1307, 1308, 1309, 1310, 1311, 1312, 1313, 1315, 1316, 1317, 1318, 1344, 1346, 1347, 1350, 1356, 1357, 1358, 1359, 1360, 1361, 1363, 1384, 1385, 1388, 1391, 1393, 1394, 1395, 1396, 1397, 1398, 1399, 1400, 1404, 1410, 1411, 1415, 1435, 1436, 1437, 1455, 1456, 1457, 1458, 1468, 1481, 1482, 1500, 1501, 1504, 1505, 1506, 1507, 1516, 1523, 1524, 1525, 1526, 1527, 1528, 1532, 1535, 1536, 1543, 1545, 1546, 1547, 1548, 1549, 1550, 1554, 1555, 1559, 1560, 1561, 1562, 1563, 1564, 1565, 1566, 1567, 1575, 1580], "excluded_lines": [1583, 1584, 1585, 1586, 1587, 1588], "functions": {"run": {"executed_lines": [], "summary": {"covered_lines": 0, "num_statements": 7, "percent_covered": 0.0, "percent_covered_display": "0", "missing_lines": 7, "excluded_lines": 0, "percent_statements_covered": 0.0, "percent_statements_covered_display": "0"}, "missing_lines": [76, 77, 81, 82, 89, 90, 94], "excluded_lines": [], "start_line": 70}, "write_file": {"executed_lines": [], "summary": {"covered_lines": 0, "num_statements": 8, "percent_covered": 0.0, "percent_covered_display": "0", "missing_lines": 8, "excluded_lines": 0, "percent_statements_covered": 0.0, "percent_statements_covered_display": "0"}, "missing_lines": [103, 104, 105, 106, 112, 113, 120, 121], "excluded_lines": [], "start_line": 97}, "vm_exists": {"executed_lines": [], "summary": {"covered_lines": 0, "num_statements": 2, "percent_covered": 0.0, "percent_covered_display": "0", "missing_lines": 2, "excluded_lines": 0, "percent_statements_covered": 0.0, "percent_statements_covered_display": "0"}, "missing_lines": [131, 134], "excluded_lines": [], "start_line": 126}, "preflight": {"executed_lines": [], "summary": {"covered_lines": 0, "num_statements": 3, "percent_covered": 0.0, "percent_covered_display": "0", "missing_lines": 3, "excluded_lines": 0, "percent_statements_covered": 0.0, "percent_statements_covered_display": "0"}, "missing_lines": [150, 156, 157], "excluded_lines": [], "start_line": 140}, "ensure_disk_pool": {"executed_lines": [], "summary": {"covered_lines": 0, "num_statements": 17, "percent_covered": 0.0, "percent_covered_display": "0", "missing_lines": 17, "excluded_lines": 0, "percent_statements_covered": 0.0, "percent_statements_covered_display": "0"}, "missing_lines": [170, 175, 176, 180, 181, 187, 196, 197, 200, 205, 210, 211, 212, 213, 214, 215, 218], "excluded_lines": [], "start_line": 163}, "ensure_iso_pool": {"executed_lines": [], "summary": {"covered_lines": 0, "num_statements": 8, "percent_covered": 0.0, "percent_covered_display": "0", "missing_lines": 8, "excluded_lines": 0, "percent_statements_covered": 0.0, "percent_statements_covered_display": "0"}, "missing_lines": [229, 232, 233, 234, 235, 248, 249, 250], "excluded_lines": [], "start_line": 223}, "ensure_kairos_iso": {"executed_lines": [], "summary": {"covered_lines": 0, "num_statements": 17, "percent_covered": 0.0, "percent_covered_display": "0", "missing_lines": 17, "excluded_lines": 0, "percent_statements_covered": 0.0, "percent_statements_covered_display": "0"}, "missing_lines": [258, 259, 260, 261, 262, 263, 276, 277, 278, 279, 280, 281, 282, 283, 288, 289, 292], "excluded_lines": [], "start_line": 253}, "render_cloud_config": {"executed_lines": [306, 307, 329, 330, 331, 333, 334, 335, 343, 359, 360, 361, 362, 363, 366, 412, 413, 414, 418, 419, 420, 424, 493, 494, 495, 496, 502, 503, 531, 532, 538, 558, 579, 580, 581, 582, 583, 625, 626, 627, 628, 647, 648, 649], "summary": {"covered_lines": 44, "num_statements": 49, "percent_covered": 89.79591836734694, "percent_covered_display": "90", "missing_lines": 5, "excluded_lines": 0, "percent_statements_covered": 89.79591836734694, "percent_statements_covered_display": "90"}, "missing_lines": [586, 588, 599, 603, 604], "excluded_lines": [], "start_line": 295}, "build_seed_iso": {"executed_lines": [], "summary": {"covered_lines": 0, "num_statements": 5, "percent_covered": 0.0, "percent_covered_display": "0", "missing_lines": 5, "excluded_lines": 0, "percent_statements_covered": 0.0, "percent_statements_covered_display": "0"}, "missing_lines": [825, 826, 827, 828, 843], "excluded_lines": [], "start_line": 819}, "booted_from_disk": {"executed_lines": [], "summary": {"covered_lines": 0, "num_statements": 2, "percent_covered": 0.0, "percent_covered_display": "0", "missing_lines": 2, "excluded_lines": 0, "percent_statements_covered": 0.0, "percent_statements_covered_display": "0"}, "missing_lines": [863, 881], "excluded_lines": [], "start_line": 848}, "wait_for_install": {"executed_lines": [], "summary": {"covered_lines": 0, "num_statements": 6, "percent_covered": 0.0, "percent_covered_display": "0", "missing_lines": 6, "excluded_lines": 0, "percent_statements_covered": 0.0, "percent_statements_covered_display": "0"}, "missing_lines": [892, 893, 894, 895, 896, 897], "excluded_lines": [], "start_line": 884}, "domain_state": {"executed_lines": [], "summary": {"covered_lines": 0, "num_statements": 2, "percent_covered": 0.0, "percent_covered_display": "0", "missing_lines": 2, "excluded_lines": 0, "percent_statements_covered": 0.0, "percent_statements_covered_display": "0"}, "missing_lines": [905, 908], "excluded_lines": [], "start_line": 900}, "wait_for_installer_finish": {"executed_lines": [], "summary": {"covered_lines": 0, "num_statements": 6, "percent_covered": 0.0, "percent_covered_display": "0", "missing_lines": 6, "excluded_lines": 0, "percent_statements_covered": 0.0, "percent_statements_covered_display": "0"}, "missing_lines": [925, 926, 927, 928, 929, 930], "excluded_lines": [], "start_line": 911}, "set_boot_disk_first": {"executed_lines": [], "summary": {"covered_lines": 0, "num_statements": 7, "percent_covered": 0.0, "percent_covered_display": "0", "missing_lines": 7, "excluded_lines": 0, "percent_statements_covered": 0.0, "percent_statements_covered_display": "0"}, "missing_lines": [942, 943, 958, 959, 960, 961, 964], "excluded_lines": [], "start_line": 933}, "etcd_prune": {"executed_lines": [], "summary": {"covered_lines": 0, "num_statements": 5, "percent_covered": 0.0, "percent_covered_display": "0", "missing_lines": 5, "excluded_lines": 0, "percent_statements_covered": 0.0, "percent_statements_covered_display": "0"}, "missing_lines": [982, 1000, 1001, 1002, 1003], "excluded_lines": [], "start_line": 967}, "disk_volume_paths": {"executed_lines": [], "summary": {"covered_lines": 0, "num_statements": 7, "percent_covered": 0.0, "percent_covered_display": "0", "missing_lines": 7, "excluded_lines": 0, "percent_statements_covered": 0.0, "percent_statements_covered_display": "0"}, "missing_lines": [1037, 1042, 1043, 1044, 1045, 1046, 1047], "excluded_lines": [], "start_line": 1023}, "destroy_and_undefine": {"executed_lines": [], "summary": {"covered_lines": 0, "num_statements": 5, "percent_covered": 0.0, "percent_covered_display": "0", "missing_lines": 5, "excluded_lines": 0, "percent_statements_covered": 0.0, "percent_statements_covered_display": "0"}, "missing_lines": [1078, 1079, 1080, 1081, 1082], "excluded_lines": [], "start_line": 1050}, "reconcile_existing": {"executed_lines": [], "summary": {"covered_lines": 0, "num_statements": 12, "percent_covered": 0.0, "percent_covered_display": "0", "missing_lines": 12, "excluded_lines": 0, "percent_statements_covered": 0.0, "percent_statements_covered_display": "0"}, "missing_lines": [1104, 1107, 1108, 1109, 1111, 1112, 1113, 1114, 1115, 1116, 1118, 1122], "excluded_lines": [], "start_line": 1097}, "create_vm": {"executed_lines": [], "summary": {"covered_lines": 0, "num_statements": 18, "percent_covered": 0.0, "percent_covered_display": "0", "missing_lines": 18, "excluded_lines": 0, "percent_statements_covered": 0.0, "percent_statements_covered_display": "0"}, "missing_lines": [1137, 1138, 1139, 1142, 1146, 1147, 1152, 1153, 1203, 1206, 1207, 1208, 1209, 1211, 1214, 1218, 1219, 1221], "excluded_lines": [], "start_line": 1125}, "node_ready_states": {"executed_lines": [], "summary": {"covered_lines": 0, "num_statements": 16, "percent_covered": 0.0, "percent_covered_display": "0", "missing_lines": 16, "excluded_lines": 0, "percent_statements_covered": 0.0, "percent_statements_covered_display": "0"}, "missing_lines": [1238, 1256, 1257, 1258, 1259, 1260, 1261, 1262, 1263, 1264, 1265, 1266, 1267, 1268, 1271, 1272], "excluded_lines": [], "start_line": 1226}, "wait_for_nodes_ready": {"executed_lines": [], "summary": {"covered_lines": 0, "num_statements": 22, "percent_covered": 0.0, "percent_covered_display": "0", "missing_lines": 22, "excluded_lines": 0, "percent_statements_covered": 0.0, "percent_statements_covered_display": "0"}, "missing_lines": [1294, 1295, 1296, 1297, 1298, 1299, 1300, 1301, 1302, 1303, 1304, 1307, 1308, 1309, 1310, 1311, 1312, 1313, 1315, 1316, 1317, 1318], "excluded_lines": [], "start_line": 1275}, "refresh_client_access": {"executed_lines": [], "summary": {"covered_lines": 0, "num_statements": 27, "percent_covered": 0.0, "percent_covered_display": "0", "missing_lines": 27, "excluded_lines": 0, "percent_statements_covered": 0.0, "percent_statements_covered_display": "0"}, "missing_lines": [1344, 1346, 1347, 1350, 1356, 1357, 1358, 1359, 1360, 1361, 1363, 1384, 1385, 1388, 1391, 1393, 1394, 1395, 1396, 1397, 1398, 1399, 1400, 1404, 1410, 1411, 1415], "excluded_lines": [], "start_line": 1324}, "wait_for_k0s_ready": {"executed_lines": [], "summary": {"covered_lines": 0, "num_statements": 7, "percent_covered": 0.0, "percent_covered_display": "0", "missing_lines": 7, "excluded_lines": 0, "percent_statements_covered": 0.0, "percent_statements_covered_display": "0"}, "missing_lines": [1435, 1436, 1437, 1455, 1456, 1457, 1458], "excluded_lines": [], "start_line": 1418}, "find_bootstrap": {"executed_lines": [1466, 1467, 1471], "summary": {"covered_lines": 3, "num_statements": 4, "percent_covered": 75.0, "percent_covered_display": "75", "missing_lines": 1, "excluded_lines": 0, "percent_statements_covered": 75.0, "percent_statements_covered_display": "75"}, "missing_lines": [1468], "excluded_lines": [], "start_line": 1461}, "generate_join_token": {"executed_lines": [], "summary": {"covered_lines": 0, "num_statements": 8, "percent_covered": 0.0, "percent_covered_display": "0", "missing_lines": 8, "excluded_lines": 0, "percent_statements_covered": 0.0, "percent_statements_covered_display": "0"}, "missing_lines": [1481, 1482, 1500, 1501, 1504, 1505, 1506, 1507], "excluded_lines": [], "start_line": 1474}, "main": {"executed_lines": [], "summary": {"covered_lines": 0, "num_statements": 30, "percent_covered": 0.0, "percent_covered_display": "0", "missing_lines": 30, "excluded_lines": 0, "percent_statements_covered": 0.0, "percent_statements_covered_display": "0"}, "missing_lines": [1516, 1523, 1524, 1525, 1526, 1527, 1528, 1532, 1535, 1536, 1543, 1545, 1546, 1547, 1548, 1549, 1550, 1554, 1555, 1559, 1560, 1561, 1562, 1563, 1564, 1565, 1566, 1567, 1575, 1580], "excluded_lines": [], "start_line": 1510}, "": {"executed_lines": [3, 27, 28, 29, 30, 31, 32, 34, 60, 61, 62, 63, 67, 70, 97, 126, 137, 140, 163, 223, 253, 295, 819, 848, 884, 900, 911, 933, 967, 1023, 1050, 1097, 1125, 1226, 1275, 1324, 1418, 1461, 1474, 1510], "summary": {"covered_lines": 40, "num_statements": 40, "percent_covered": 100.0, "percent_covered_display": "100", "missing_lines": 0, "excluded_lines": 6, "percent_statements_covered": 100.0, "percent_statements_covered_display": "100"}, "missing_lines": [], "excluded_lines": [1583, 1584, 1585, 1586, 1587, 1588], "start_line": 1}}, "classes": {"": {"executed_lines": [3, 27, 28, 29, 30, 31, 32, 34, 60, 61, 62, 63, 67, 70, 97, 126, 137, 140, 163, 223, 253, 295, 306, 307, 329, 330, 331, 333, 334, 335, 343, 359, 360, 361, 362, 363, 366, 412, 413, 414, 418, 419, 420, 424, 493, 494, 495, 496, 502, 503, 531, 532, 538, 558, 579, 580, 581, 582, 583, 625, 626, 627, 628, 647, 648, 649, 819, 848, 884, 900, 911, 933, 967, 1023, 1050, 1097, 1125, 1226, 1275, 1324, 1418, 1461, 1466, 1467, 1471, 1474, 1510], "summary": {"covered_lines": 87, "num_statements": 340, "percent_covered": 25.58823529411765, "percent_covered_display": "26", "missing_lines": 253, "excluded_lines": 6, "percent_statements_covered": 25.58823529411765, "percent_statements_covered_display": "26"}, "missing_lines": [76, 77, 81, 82, 89, 90, 94, 103, 104, 105, 106, 112, 113, 120, 121, 131, 134, 150, 156, 157, 170, 175, 176, 180, 181, 187, 196, 197, 200, 205, 210, 211, 212, 213, 214, 215, 218, 229, 232, 233, 234, 235, 248, 249, 250, 258, 259, 260, 261, 262, 263, 276, 277, 278, 279, 280, 281, 282, 283, 288, 289, 292, 586, 588, 599, 603, 604, 825, 826, 827, 828, 843, 863, 881, 892, 893, 894, 895, 896, 897, 905, 908, 925, 926, 927, 928, 929, 930, 942, 943, 958, 959, 960, 961, 964, 982, 1000, 1001, 1002, 1003, 1037, 1042, 1043, 1044, 1045, 1046, 1047, 1078, 1079, 1080, 1081, 1082, 1104, 1107, 1108, 1109, 1111, 1112, 1113, 1114, 1115, 1116, 1118, 1122, 1137, 1138, 1139, 1142, 1146, 1147, 1152, 1153, 1203, 1206, 1207, 1208, 1209, 1211, 1214, 1218, 1219, 1221, 1238, 1256, 1257, 1258, 1259, 1260, 1261, 1262, 1263, 1264, 1265, 1266, 1267, 1268, 1271, 1272, 1294, 1295, 1296, 1297, 1298, 1299, 1300, 1301, 1302, 1303, 1304, 1307, 1308, 1309, 1310, 1311, 1312, 1313, 1315, 1316, 1317, 1318, 1344, 1346, 1347, 1350, 1356, 1357, 1358, 1359, 1360, 1361, 1363, 1384, 1385, 1388, 1391, 1393, 1394, 1395, 1396, 1397, 1398, 1399, 1400, 1404, 1410, 1411, 1415, 1435, 1436, 1437, 1455, 1456, 1457, 1458, 1468, 1481, 1482, 1500, 1501, 1504, 1505, 1506, 1507, 1516, 1523, 1524, 1525, 1526, 1527, 1528, 1532, 1535, 1536, 1543, 1545, 1546, 1547, 1548, 1549, 1550, 1554, 1555, 1559, 1560, 1561, 1562, 1563, 1564, 1565, 1566, 1567, 1575, 1580], "excluded_lines": [1583, 1584, 1585, 1586, 1587, 1588], "start_line": 1}}}, "siteconfig.py": {"executed_lines": [25, 27, 28, 30, 32, 34, 35, 43, 51, 52, 53, 54, 57, 66, 70, 73, 78, 86, 87, 91, 92, 103, 104, 105, 108, 118, 121, 133, 134, 135, 136, 137, 138, 139, 143, 150, 159, 165, 166, 181, 182, 183, 184, 185, 192, 193, 194, 195, 201, 202, 213, 214, 215, 220, 221, 222, 227, 230, 231, 232, 238, 239, 240, 243, 253, 254, 255, 257, 261, 268, 272, 276], "summary": {"covered_lines": 72, "num_statements": 72, "percent_covered": 100.0, "percent_covered_display": "100", "missing_lines": 0, "excluded_lines": 15, "percent_statements_covered": 100.0, "percent_statements_covered_display": "100"}, "missing_lines": [], "excluded_lines": [36, 37, 67, 79, 140, 160, 167, 186, 196, 203, 223, 228, 233, 262, 275], "functions": {"load_versions": {"executed_lines": [66, 70], "summary": {"covered_lines": 2, "num_statements": 2, "percent_covered": 100.0, "percent_covered_display": "100", "missing_lines": 0, "excluded_lines": 1, "percent_statements_covered": 100.0, "percent_statements_covered_display": "100"}, "missing_lines": [], "excluded_lines": [67], "start_line": 57}, "load": {"executed_lines": [78, 86, 87, 91, 92, 103, 104, 105], "summary": {"covered_lines": 8, "num_statements": 8, "percent_covered": 100.0, "percent_covered_display": "100", "missing_lines": 0, "excluded_lines": 1, "percent_statements_covered": 100.0, "percent_statements_covered_display": "100"}, "missing_lines": [], "excluded_lines": [79], "start_line": 73}, "load_model": {"executed_lines": [118], "summary": {"covered_lines": 1, "num_statements": 1, "percent_covered": 100.0, "percent_covered_display": "100", "missing_lines": 0, "excluded_lines": 0, "percent_statements_covered": 100.0, "percent_statements_covered_display": "100"}, "missing_lines": [], "excluded_lines": [], "start_line": 108}, "_validate_shape": {"executed_lines": [133, 134, 135, 136, 137, 138, 139], "summary": {"covered_lines": 7, "num_statements": 7, "percent_covered": 100.0, "percent_covered_display": "100", "missing_lines": 0, "excluded_lines": 1, "percent_statements_covered": 100.0, "percent_statements_covered_display": "100"}, "missing_lines": [], "excluded_lines": [140], "start_line": 121}, "_validate": {"executed_lines": [150, 159, 165, 166, 181, 182, 183, 184, 185, 192, 193, 194, 195, 201, 202, 213, 214, 215, 220, 221, 222, 227, 230, 231, 232], "summary": {"covered_lines": 25, "num_statements": 25, "percent_covered": 100.0, "percent_covered_display": "100", "missing_lines": 0, "excluded_lines": 8, "percent_statements_covered": 100.0, "percent_statements_covered_display": "100"}, "missing_lines": [], "excluded_lines": [160, 167, 186, 196, 203, 223, 228, 233], "start_line": 143}, "resolve_ssh_public_key": {"executed_lines": [253, 254, 255, 257, 261, 268, 272, 276], "summary": {"covered_lines": 8, "num_statements": 8, "percent_covered": 100.0, "percent_covered_display": "100", "missing_lines": 0, "excluded_lines": 2, "percent_statements_covered": 100.0, "percent_statements_covered_display": "100"}, "missing_lines": [], "excluded_lines": [262, 275], "start_line": 243}, "": {"executed_lines": [25, 27, 28, 30, 32, 34, 35, 43, 51, 52, 53, 54, 57, 73, 108, 121, 143, 238, 239, 240, 243], "summary": {"covered_lines": 21, "num_statements": 21, "percent_covered": 100.0, "percent_covered_display": "100", "missing_lines": 0, "excluded_lines": 2, "percent_statements_covered": 100.0, "percent_statements_covered_display": "100"}, "missing_lines": [], "excluded_lines": [36, 37], "start_line": 1}}, "classes": {"": {"executed_lines": [25, 27, 28, 30, 32, 34, 35, 43, 51, 52, 53, 54, 57, 66, 70, 73, 78, 86, 87, 91, 92, 103, 104, 105, 108, 118, 121, 133, 134, 135, 136, 137, 138, 139, 143, 150, 159, 165, 166, 181, 182, 183, 184, 185, 192, 193, 194, 195, 201, 202, 213, 214, 215, 220, 221, 222, 227, 230, 231, 232, 238, 239, 240, 243, 253, 254, 255, 257, 261, 268, 272, 276], "summary": {"covered_lines": 72, "num_statements": 72, "percent_covered": 100.0, "percent_covered_display": "100", "missing_lines": 0, "excluded_lines": 15, "percent_statements_covered": 100.0, "percent_statements_covered_display": "100"}, "missing_lines": [], "excluded_lines": [36, 37, 67, 79, 140, 160, 167, 186, 196, 203, 223, 228, 233, 262, 275], "start_line": 1}}}}, "totals": {"covered_lines": 926, "num_statements": 1604, "percent_covered": 57.73067331670823, "percent_covered_display": "58", "missing_lines": 678, "excluded_lines": 37, "percent_statements_covered": 57.73067331670823, "percent_statements_covered_display": "58"}}